#
# There is insufficient memory for the Java Runtime Environment to continue.
# Native memory allocation (malloc) failed to allocate 307216 bytes for Chunk::new
# Possible reasons:
#   The system is out of physical RAM or swap space
#   The process is running with CompressedOops enabled, and the Java Heap may be blocking the growth of the native heap
# Possible solutions:
#   Reduce memory load on the system
#   Increase physical memory or swap space
#   Check if swap backing store is full
#   Decrease Java heap size (-Xmx/-Xms)
#   Decrease number of Java threads
#   Decrease Java thread stack sizes (-Xss)
#   Set larger code cache with -XX:ReservedCodeCacheSize=
#   JVM is running with Unscaled Compressed Oops mode in which the Java heap is
#     placed in the first 4GB address space. The Java Heap base address is the
#     maximum limit for the native heap growth. Please use -XX:HeapBaseMinAddress
#     to set the Java Heap base and to place the Java Heap above 4GB virtual address.
# This output file may be truncated or incomplete.
#
#  Out of Memory Error (arena.cpp:197), pid=20872, tid=14504
#
# JRE version: OpenJDK Runtime Environment Corretto-11.0.20.8.1 (11.0.20+8) (build 11.0.20+8-LTS)
# Java VM: OpenJDK 64-Bit Server VM Corretto-11.0.20.8.1 (11.0.20+8-LTS, mixed mode, tiered, compressed oops, g1 gc, windows-amd64)
# No core dump will be written. Minidumps are not enabled by default on client versions of Windows
#

---------------  S U M M A R Y ------------

Command Line: -javaagent:C:\Program Files\JetBrains\IntelliJ IDEA Community Edition 2023.1\lib\idea_rt.jar=54165:C:\Program Files\JetBrains\IntelliJ IDEA Community Edition 2023.1\bin -Dfile.encoding=UTF-8 lhs.testing.LhsApplication

Host: AMD Ryzen 5 6600H with Radeon Graphics         , 12 cores, 7G,  Windows 11 , 64 bit Build 22621 (10.0.22621.2215)
Time: Fri Sep  8 14:29:05 2023 SE Asia Standard Time elapsed time: 2728.225707 seconds (0d 0h 45m 28s)

---------------  T H R E A D  ---------------

Current thread (0x000001fa5b0ba800):  JavaThread "C2 CompilerThread0" daemon [_thread_in_native, id=14504, stack(0x000000b67f800000,0x000000b67f900000)]


Current CompileTask:
C2:2728225 7923       4       java.util.concurrent.locks.AbstractQueuedSynchronizer$ConditionObject::awaitNanos (181 bytes)

Stack: [0x000000b67f800000,0x000000b67f900000]
Native frames: (J=compiled Java code, j=interpreted, Vv=VM code, C=native code)
V  [jvm.dll+0x62418a]
V  [jvm.dll+0x7b1d69]
V  [jvm.dll+0x7b3458]
V  [jvm.dll+0x7b3b33]
V  [jvm.dll+0x250148]
V  [jvm.dll+0xc264c]
V  [jvm.dll+0xc2c0c]
V  [jvm.dll+0x2c4104]
V  [jvm.dll+0x532e5c]
V  [jvm.dll+0x208e16]
V  [jvm.dll+0x20abdc]
V  [jvm.dll+0x2085db]
V  [jvm.dll+0x18a6b1]
V  [jvm.dll+0x217da4]
V  [jvm.dll+0x215feb]
V  [jvm.dll+0x774840]
V  [jvm.dll+0x76d634]
V  [jvm.dll+0x622ff5]
C  [ucrtbase.dll+0x29363]
C  [KERNEL32.DLL+0x1257d]
C  [ntdll.dll+0x5aa68]


---------------  P R O C E S S  ---------------

Threads class SMR info:
_java_thread_list=0x000001fa5ec27230, length=28, elements={
0x000001fa5b0a9800, 0x000001fa5b0b3800, 0x000001fa5b0a4000, 0x000001fa5b0a6800,
0x000001fa5b0b7000, 0x000001fa5b0ba800, 0x000001fa5ba03000, 0x000001fa5ba0c800,
0x000001fa5b02d000, 0x000001fa5c054000, 0x000001fa61472000, 0x000001fa60e88000,
0x000001fa60e8a000, 0x000001fa60ef6800, 0x000001fa6234a800, 0x000001fa60ecf800,
0x000001fa60ecd000, 0x000001fa60ece000, 0x000001fa5c868000, 0x000001fa5c869000,
0x000001fa5c86a000, 0x000001fa5c86a800, 0x000001fa5c867800, 0x000001fa5c86b800,
0x000001fa5c866000, 0x000001fa5c866800, 0x000001fa5c86f800, 0x000001fa5c86d000
}

Java Threads: ( => current thread )
  0x000001fa5b0a9800 JavaThread "Reference Handler" daemon [_thread_blocked, id=12020, stack(0x000000b67f300000,0x000000b67f400000)]
  0x000001fa5b0b3800 JavaThread "Finalizer" daemon [_thread_blocked, id=11020, stack(0x000000b67f400000,0x000000b67f500000)]
  0x000001fa5b0a4000 JavaThread "Signal Dispatcher" daemon [_thread_blocked, id=18368, stack(0x000000b67f500000,0x000000b67f600000)]
  0x000001fa5b0a6800 JavaThread "Attach Listener" daemon [_thread_blocked, id=22260, stack(0x000000b67f600000,0x000000b67f700000)]
  0x000001fa5b0b7000 JavaThread "Service Thread" daemon [_thread_blocked, id=18620, stack(0x000000b67f700000,0x000000b67f800000)]
=>0x000001fa5b0ba800 JavaThread "C2 CompilerThread0" daemon [_thread_in_native, id=14504, stack(0x000000b67f800000,0x000000b67f900000)]
  0x000001fa5ba03000 JavaThread "C1 CompilerThread0" daemon [_thread_blocked, id=15996, stack(0x000000b67f900000,0x000000b67fa00000)]
  0x000001fa5ba0c800 JavaThread "Sweeper thread" daemon [_thread_blocked, id=21472, stack(0x000000b67fa00000,0x000000b67fb00000)]
  0x000001fa5b02d000 JavaThread "Common-Cleaner" daemon [_thread_blocked, id=9784, stack(0x000000b67fb00000,0x000000b67fc00000)]
  0x000001fa5c054000 JavaThread "Monitor Ctrl-Break" daemon [_thread_in_native, id=16752, stack(0x000000b67fc00000,0x000000b67fd00000)]
  0x000001fa61472000 JavaThread "Catalina-utility-1" [_thread_blocked, id=19264, stack(0x000000b600500000,0x000000b600600000)]
  0x000001fa60e88000 JavaThread "Catalina-utility-2" [_thread_blocked, id=15692, stack(0x000000b600600000,0x000000b600700000)]
  0x000001fa60e8a000 JavaThread "container-0" [_thread_blocked, id=12252, stack(0x000000b600700000,0x000000b600800000)]
  0x000001fa60ef6800 JavaThread "mysql-cj-abandoned-connection-cleanup" daemon [_thread_blocked, id=8256, stack(0x000000b600800000,0x000000b600900000)]
  0x000001fa6234a800 JavaThread "HikariPool-1 housekeeper" daemon [_thread_blocked, id=17924, stack(0x000000b600a00000,0x000000b600b00000)]
  0x000001fa60ecf800 JavaThread "http-nio-8080-exec-1" daemon [_thread_blocked, id=17992, stack(0x000000b601000000,0x000000b601100000)]
  0x000001fa60ecd000 JavaThread "http-nio-8080-exec-2" daemon [_thread_blocked, id=17108, stack(0x000000b601100000,0x000000b601200000)]
  0x000001fa60ece000 JavaThread "http-nio-8080-exec-3" daemon [_thread_blocked, id=9988, stack(0x000000b601200000,0x000000b601300000)]
  0x000001fa5c868000 JavaThread "http-nio-8080-exec-4" daemon [_thread_blocked, id=22120, stack(0x000000b601300000,0x000000b601400000)]
  0x000001fa5c869000 JavaThread "http-nio-8080-exec-5" daemon [_thread_blocked, id=19312, stack(0x000000b601400000,0x000000b601500000)]
  0x000001fa5c86a000 JavaThread "http-nio-8080-exec-6" daemon [_thread_blocked, id=10760, stack(0x000000b601500000,0x000000b601600000)]
  0x000001fa5c86a800 JavaThread "http-nio-8080-exec-7" daemon [_thread_blocked, id=8844, stack(0x000000b601600000,0x000000b601700000)]
  0x000001fa5c867800 JavaThread "http-nio-8080-exec-8" daemon [_thread_blocked, id=21408, stack(0x000000b601700000,0x000000b601800000)]
  0x000001fa5c86b800 JavaThread "http-nio-8080-exec-9" daemon [_thread_blocked, id=14592, stack(0x000000b601800000,0x000000b601900000)]
  0x000001fa5c866000 JavaThread "http-nio-8080-exec-10" daemon [_thread_blocked, id=11392, stack(0x000000b601900000,0x000000b601a00000)]
  0x000001fa5c866800 JavaThread "http-nio-8080-Poller" daemon [_thread_in_native, id=2848, stack(0x000000b601a00000,0x000000b601b00000)]
  0x000001fa5c86f800 JavaThread "http-nio-8080-Acceptor" daemon [_thread_in_native, id=18400, stack(0x000000b601b00000,0x000000b601c00000)]
  0x000001fa5c86d000 JavaThread "DestroyJavaVM" [_thread_blocked, id=7856, stack(0x000000b67ec00000,0x000000b67ed00000)]

Other Threads:
  0x000001fa5b093800 VMThread "VM Thread" [stack: 0x000000b67f200000,0x000000b67f300000] [id=9772]
  0x000001fa5c105800 WatcherThread [stack: 0x000000b67fd00000,0x000000b67fe00000] [id=15024]
  0x000001fa3c263000 GCTaskThread "GC Thread#0" [stack: 0x000000b67ed00000,0x000000b67ee00000] [id=7940]
  0x000001fa5ccfd800 GCTaskThread "GC Thread#1" [stack: 0x000000b67fe00000,0x000000b67ff00000] [id=17208]
  0x000001fa5ebdf800 GCTaskThread "GC Thread#2" [stack: 0x000000b600300000,0x000000b600400000] [id=13516]
  0x000001fa5cd8a800 GCTaskThread "GC Thread#3" [stack: 0x000000b600400000,0x000000b600500000] [id=12640]
  0x000001fa62945800 GCTaskThread "GC Thread#4" [stack: 0x000000b600b00000,0x000000b600c00000] [id=2840]
  0x000001fa614b4800 GCTaskThread "GC Thread#5" [stack: 0x000000b600c00000,0x000000b600d00000] [id=1668]
  0x000001fa6113f800 GCTaskThread "GC Thread#6" [stack: 0x000000b600d00000,0x000000b600e00000] [id=16368]
  0x000001fa60fcf800 GCTaskThread "GC Thread#7" [stack: 0x000000b600e00000,0x000000b600f00000] [id=348]
  0x000001fa3c293800 ConcurrentGCThread "G1 Main Marker" [stack: 0x000000b67ee00000,0x000000b67ef00000] [id=7736]
  0x000001fa3c294800 ConcurrentGCThread "G1 Conc#0" [stack: 0x000000b67ef00000,0x000000b67f000000] [id=20160]
  0x000001fa5d188000 ConcurrentGCThread "G1 Conc#1" [stack: 0x000000b600000000,0x000000b600100000] [id=2708]
  0x000001fa5cc95000 ConcurrentGCThread "G1 Conc#2" [stack: 0x000000b600100000,0x000000b600200000] [id=17076]
  0x000001fa5aedb800 ConcurrentGCThread "G1 Refine#0" [stack: 0x000000b67f000000,0x000000b67f100000] [id=10544]
  0x000001fa5aedc800 ConcurrentGCThread "G1 Young RemSet Sampling" [stack: 0x000000b67f100000,0x000000b67f200000] [id=20972]

Threads with active compile tasks:
C2 CompilerThread0  2728267 7923       4       java.util.concurrent.locks.AbstractQueuedSynchronizer$ConditionObject::awaitNanos (181 bytes)

VM state:not at safepoint (normal execution)

VM Mutex/Monitor currently owned by a thread: None

Heap address: 0x000000008c200000, size: 1854 MB, Compressed Oops mode: 32-bit
Narrow klass base: 0x0000000000000000, Narrow klass shift: 3
Compressed class space size: 1073741824 Address: 0x0000000100000000

Heap:
 garbage-first heap   total 118784K, used 44855K [0x000000008c200000, 0x0000000100000000)
  region size 1024K, 18 young (18432K), 7 survivors (7168K)
 Metaspace       used 85757K, capacity 88401K, committed 88696K, reserved 1126400K
  class space    used 10741K, capacity 11775K, committed 11896K, reserved 1048576K
Heap Regions: E=young(eden), S=young(survivor), O=old, HS=humongous(starts), HC=humongous(continues), CS=collection set, F=free, A=archive, TAMS=top-at-mark-start (previous, next)
|   0|0x000000008c200000, 0x000000008c300000, 0x000000008c300000|100%|HS|  |TAMS 0x000000008c300000, 0x000000008c200000| Complete 
|   1|0x000000008c300000, 0x000000008c400000, 0x000000008c400000|100%| O|  |TAMS 0x000000008c400000, 0x000000008c300000| Untracked 
|   2|0x000000008c400000, 0x000000008c500000, 0x000000008c500000|100%| O|  |TAMS 0x000000008c500000, 0x000000008c400000| Untracked 
|   3|0x000000008c500000, 0x000000008c600000, 0x000000008c600000|100%| O|  |TAMS 0x000000008c600000, 0x000000008c500000| Untracked 
|   4|0x000000008c600000, 0x000000008c700000, 0x000000008c700000|100%| O|  |TAMS 0x000000008c700000, 0x000000008c600000| Untracked 
|   5|0x000000008c700000, 0x000000008c800000, 0x000000008c800000|100%| O|  |TAMS 0x000000008c800000, 0x000000008c700000| Untracked 
|   6|0x000000008c800000, 0x000000008c900000, 0x000000008c900000|100%| O|  |TAMS 0x000000008c900000, 0x000000008c800000| Untracked 
|   7|0x000000008c900000, 0x000000008ca00000, 0x000000008ca00000|100%| O|  |TAMS 0x000000008ca00000, 0x000000008c900000| Untracked 
|   8|0x000000008ca00000, 0x000000008cb00000, 0x000000008cb00000|100%| O|  |TAMS 0x000000008cb00000, 0x000000008ca00000| Untracked 
|   9|0x000000008cb00000, 0x000000008cc00000, 0x000000008cc00000|100%| O|  |TAMS 0x000000008cc00000, 0x000000008cb00000| Untracked 
|  10|0x000000008cc00000, 0x000000008cd00000, 0x000000008cd00000|100%| O|  |TAMS 0x000000008cd00000, 0x000000008cc00000| Untracked 
|  11|0x000000008cd00000, 0x000000008ce00000, 0x000000008ce00000|100%| O|  |TAMS 0x000000008ce00000, 0x000000008cd00000| Untracked 
|  12|0x000000008ce00000, 0x000000008cf00000, 0x000000008cf00000|100%| O|  |TAMS 0x000000008cf00000, 0x000000008ce00000| Untracked 
|  13|0x000000008cf00000, 0x000000008d000000, 0x000000008d000000|100%| O|  |TAMS 0x000000008d000000, 0x000000008cf00000| Untracked 
|  14|0x000000008d000000, 0x000000008d100000, 0x000000008d100000|100%| O|  |TAMS 0x000000008d100000, 0x000000008d000000| Untracked 
|  15|0x000000008d100000, 0x000000008d200000, 0x000000008d200000|100%| O|  |TAMS 0x000000008d200000, 0x000000008d100000| Untracked 
|  16|0x000000008d200000, 0x000000008d300000, 0x000000008d300000|100%| O|  |TAMS 0x000000008d300000, 0x000000008d200000| Untracked 
|  17|0x000000008d300000, 0x000000008d400000, 0x000000008d400000|100%| O|  |TAMS 0x000000008d400000, 0x000000008d300000| Untracked 
|  18|0x000000008d400000, 0x000000008d500000, 0x000000008d500000|100%| O|  |TAMS 0x000000008d500000, 0x000000008d400000| Untracked 
|  19|0x000000008d500000, 0x000000008d600000, 0x000000008d600000|100%| O|  |TAMS 0x000000008d600000, 0x000000008d500000| Untracked 
|  20|0x000000008d600000, 0x000000008d700000, 0x000000008d700000|100%| O|  |TAMS 0x000000008d700000, 0x000000008d600000| Untracked 
|  21|0x000000008d700000, 0x000000008d800000, 0x000000008d800000|100%| O|  |TAMS 0x000000008d7c4e00, 0x000000008d700000| Untracked 
|  22|0x000000008d800000, 0x000000008d900000, 0x000000008d900000|100%| O|  |TAMS 0x000000008d800000, 0x000000008d800000| Untracked 
|  23|0x000000008d900000, 0x000000008da00000, 0x000000008da00000|100%| O|  |TAMS 0x000000008d900000, 0x000000008d900000| Untracked 
|  24|0x000000008da00000, 0x000000008db00000, 0x000000008db00000|100%| O|  |TAMS 0x000000008da00000, 0x000000008da00000| Untracked 
|  25|0x000000008db00000, 0x000000008dc00000, 0x000000008dc00000|100%| O|  |TAMS 0x000000008db00000, 0x000000008db00000| Untracked 
|  26|0x000000008dc00000, 0x000000008dd00000, 0x000000008dd00000|100%| O|  |TAMS 0x000000008dc00000, 0x000000008dc00000| Untracked 
|  27|0x000000008dd00000, 0x000000008dd5b400, 0x000000008de00000| 35%| O|  |TAMS 0x000000008dd00000, 0x000000008dd00000| Untracked 
|  28|0x000000008de00000, 0x000000008de00000, 0x000000008df00000|  0%| F|  |TAMS 0x000000008de00000, 0x000000008de00000| Untracked 
|  29|0x000000008df00000, 0x000000008df00000, 0x000000008e000000|  0%| F|  |TAMS 0x000000008df00000, 0x000000008df00000| Untracked 
|  30|0x000000008e000000, 0x000000008e000000, 0x000000008e100000|  0%| F|  |TAMS 0x000000008e000000, 0x000000008e000000| Untracked 
|  31|0x000000008e100000, 0x000000008e100000, 0x000000008e200000|  0%| F|  |TAMS 0x000000008e100000, 0x000000008e100000| Untracked 
|  32|0x000000008e200000, 0x000000008e200000, 0x000000008e300000|  0%| F|  |TAMS 0x000000008e200000, 0x000000008e200000| Untracked 
|  33|0x000000008e300000, 0x000000008e300000, 0x000000008e400000|  0%| F|  |TAMS 0x000000008e300000, 0x000000008e300000| Untracked 
|  34|0x000000008e400000, 0x000000008e400000, 0x000000008e500000|  0%| F|  |TAMS 0x000000008e400000, 0x000000008e400000| Untracked 
|  35|0x000000008e500000, 0x000000008e500000, 0x000000008e600000|  0%| F|  |TAMS 0x000000008e500000, 0x000000008e500000| Untracked 
|  36|0x000000008e600000, 0x000000008e600000, 0x000000008e700000|  0%| F|  |TAMS 0x000000008e600000, 0x000000008e600000| Untracked 
|  37|0x000000008e700000, 0x000000008e700000, 0x000000008e800000|  0%| F|  |TAMS 0x000000008e700000, 0x000000008e700000| Untracked 
|  38|0x000000008e800000, 0x000000008e800000, 0x000000008e900000|  0%| F|  |TAMS 0x000000008e800000, 0x000000008e800000| Untracked 
|  39|0x000000008e900000, 0x000000008e900000, 0x000000008ea00000|  0%| F|  |TAMS 0x000000008e900000, 0x000000008e900000| Untracked 
|  40|0x000000008ea00000, 0x000000008ea00000, 0x000000008eb00000|  0%| F|  |TAMS 0x000000008ea00000, 0x000000008ea00000| Untracked 
|  41|0x000000008eb00000, 0x000000008eb00000, 0x000000008ec00000|  0%| F|  |TAMS 0x000000008eb00000, 0x000000008eb00000| Untracked 
|  42|0x000000008ec00000, 0x000000008ec00000, 0x000000008ed00000|  0%| F|  |TAMS 0x000000008ec00000, 0x000000008ec00000| Untracked 
|  43|0x000000008ed00000, 0x000000008ed00000, 0x000000008ee00000|  0%| F|  |TAMS 0x000000008ed00000, 0x000000008ed00000| Untracked 
|  44|0x000000008ee00000, 0x000000008ee00000, 0x000000008ef00000|  0%| F|  |TAMS 0x000000008ee00000, 0x000000008ee00000| Untracked 
|  45|0x000000008ef00000, 0x000000008ef00000, 0x000000008f000000|  0%| F|  |TAMS 0x000000008ef00000, 0x000000008ef00000| Untracked 
|  46|0x000000008f000000, 0x000000008f000000, 0x000000008f100000|  0%| F|  |TAMS 0x000000008f000000, 0x000000008f000000| Untracked 
|  47|0x000000008f100000, 0x000000008f100000, 0x000000008f200000|  0%| F|  |TAMS 0x000000008f100000, 0x000000008f100000| Untracked 
|  48|0x000000008f200000, 0x000000008f200000, 0x000000008f300000|  0%| F|  |TAMS 0x000000008f200000, 0x000000008f200000| Untracked 
|  49|0x000000008f300000, 0x000000008f300000, 0x000000008f400000|  0%| F|  |TAMS 0x000000008f300000, 0x000000008f300000| Untracked 
|  50|0x000000008f400000, 0x000000008f400000, 0x000000008f500000|  0%| F|  |TAMS 0x000000008f400000, 0x000000008f400000| Untracked 
|  51|0x000000008f500000, 0x000000008f500000, 0x000000008f600000|  0%| F|  |TAMS 0x000000008f500000, 0x000000008f500000| Untracked 
|  52|0x000000008f600000, 0x000000008f600000, 0x000000008f700000|  0%| F|  |TAMS 0x000000008f600000, 0x000000008f600000| Untracked 
|  53|0x000000008f700000, 0x000000008f700000, 0x000000008f800000|  0%| F|  |TAMS 0x000000008f700000, 0x000000008f700000| Untracked 
|  54|0x000000008f800000, 0x000000008f8728e8, 0x000000008f900000| 44%| S|CS|TAMS 0x000000008f800000, 0x000000008f800000| Complete 
|  55|0x000000008f900000, 0x000000008fa00000, 0x000000008fa00000|100%| S|CS|TAMS 0x000000008f900000, 0x000000008f900000| Complete 
|  56|0x000000008fa00000, 0x000000008fb00000, 0x000000008fb00000|100%| S|CS|TAMS 0x000000008fa00000, 0x000000008fa00000| Complete 
|  57|0x000000008fb00000, 0x000000008fc00000, 0x000000008fc00000|100%| S|CS|TAMS 0x000000008fb00000, 0x000000008fb00000| Complete 
|  58|0x000000008fc00000, 0x000000008fd00000, 0x000000008fd00000|100%| S|CS|TAMS 0x000000008fc00000, 0x000000008fc00000| Complete 
|  59|0x000000008fd00000, 0x000000008fe00000, 0x000000008fe00000|100%| S|CS|TAMS 0x000000008fd00000, 0x000000008fd00000| Complete 
|  60|0x000000008fe00000, 0x000000008fe00000, 0x000000008ff00000|  0%| F|  |TAMS 0x000000008fe00000, 0x000000008fe00000| Untracked 
|  61|0x000000008ff00000, 0x000000008ff00000, 0x0000000090000000|  0%| F|  |TAMS 0x000000008ff00000, 0x000000008ff00000| Untracked 
|  62|0x0000000090000000, 0x0000000090000000, 0x0000000090100000|  0%| F|  |TAMS 0x0000000090000000, 0x0000000090000000| Untracked 
|  63|0x0000000090100000, 0x0000000090200000, 0x0000000090200000|100%| S|CS|TAMS 0x0000000090100000, 0x0000000090100000| Complete 
|  64|0x0000000090200000, 0x0000000090200000, 0x0000000090300000|  0%| F|  |TAMS 0x0000000090200000, 0x0000000090200000| Untracked 
|  65|0x0000000090300000, 0x0000000090300000, 0x0000000090400000|  0%| F|  |TAMS 0x0000000090300000, 0x0000000090300000| Untracked 
|  66|0x0000000090400000, 0x0000000090400000, 0x0000000090500000|  0%| F|  |TAMS 0x0000000090400000, 0x0000000090400000| Untracked 
|  67|0x0000000090500000, 0x0000000090500000, 0x0000000090600000|  0%| F|  |TAMS 0x0000000090500000, 0x0000000090500000| Untracked 
|  68|0x0000000090600000, 0x0000000090600000, 0x0000000090700000|  0%| F|  |TAMS 0x0000000090600000, 0x0000000090600000| Untracked 
|  69|0x0000000090700000, 0x0000000090700000, 0x0000000090800000|  0%| F|  |TAMS 0x0000000090700000, 0x0000000090700000| Untracked 
|  70|0x0000000090800000, 0x0000000090800000, 0x0000000090900000|  0%| F|  |TAMS 0x0000000090800000, 0x0000000090800000| Untracked 
|  71|0x0000000090900000, 0x0000000090900000, 0x0000000090a00000|  0%| F|  |TAMS 0x0000000090900000, 0x0000000090900000| Untracked 
|  72|0x0000000090a00000, 0x0000000090a00000, 0x0000000090b00000|  0%| F|  |TAMS 0x0000000090a00000, 0x0000000090a00000| Untracked 
|  73|0x0000000090b00000, 0x0000000090b00000, 0x0000000090c00000|  0%| F|  |TAMS 0x0000000090b00000, 0x0000000090b00000| Untracked 
|  74|0x0000000090c00000, 0x0000000090c00000, 0x0000000090d00000|  0%| F|  |TAMS 0x0000000090c00000, 0x0000000090c00000| Untracked 
|  75|0x0000000090d00000, 0x0000000090d00000, 0x0000000090e00000|  0%| F|  |TAMS 0x0000000090d00000, 0x0000000090d00000| Untracked 
|  76|0x0000000090e00000, 0x0000000090e00000, 0x0000000090f00000|  0%| F|  |TAMS 0x0000000090e00000, 0x0000000090e00000| Untracked 
|  77|0x0000000090f00000, 0x0000000090f00000, 0x0000000091000000|  0%| F|  |TAMS 0x0000000090f00000, 0x0000000090f00000| Untracked 
|  78|0x0000000091000000, 0x0000000091000000, 0x0000000091100000|  0%| F|  |TAMS 0x0000000091000000, 0x0000000091000000| Untracked 
|  79|0x0000000091100000, 0x0000000091100000, 0x0000000091200000|  0%| F|  |TAMS 0x0000000091100000, 0x0000000091100000| Untracked 
|  80|0x0000000091200000, 0x0000000091200000, 0x0000000091300000|  0%| F|  |TAMS 0x0000000091200000, 0x0000000091200000| Untracked 
|  81|0x0000000091300000, 0x0000000091300000, 0x0000000091400000|  0%| F|  |TAMS 0x0000000091300000, 0x0000000091300000| Untracked 
|  82|0x0000000091400000, 0x0000000091400000, 0x0000000091500000|  0%| F|  |TAMS 0x0000000091400000, 0x0000000091400000| Untracked 
|  83|0x0000000091500000, 0x0000000091500000, 0x0000000091600000|  0%| F|  |TAMS 0x0000000091500000, 0x0000000091500000| Untracked 
|  84|0x0000000091600000, 0x0000000091600000, 0x0000000091700000|  0%| F|  |TAMS 0x0000000091600000, 0x0000000091600000| Untracked 
|  85|0x0000000091700000, 0x0000000091700000, 0x0000000091800000|  0%| F|  |TAMS 0x0000000091700000, 0x0000000091700000| Untracked 
|  86|0x0000000091800000, 0x0000000091800000, 0x0000000091900000|  0%| F|  |TAMS 0x0000000091800000, 0x0000000091800000| Untracked 
|  87|0x0000000091900000, 0x0000000091900000, 0x0000000091a00000|  0%| F|  |TAMS 0x0000000091900000, 0x0000000091900000| Untracked 
|  88|0x0000000091a00000, 0x0000000091a00000, 0x0000000091b00000|  0%| F|  |TAMS 0x0000000091a00000, 0x0000000091a00000| Untracked 
|  89|0x0000000091b00000, 0x0000000091b00000, 0x0000000091c00000|  0%| F|  |TAMS 0x0000000091b00000, 0x0000000091b00000| Untracked 
|  90|0x0000000091c00000, 0x0000000091c00000, 0x0000000091d00000|  0%| F|  |TAMS 0x0000000091c00000, 0x0000000091c00000| Untracked 
|  91|0x0000000091d00000, 0x0000000091d00000, 0x0000000091e00000|  0%| F|  |TAMS 0x0000000091d00000, 0x0000000091d00000| Untracked 
|  92|0x0000000091e00000, 0x0000000091e00000, 0x0000000091f00000|  0%| F|  |TAMS 0x0000000091e00000, 0x0000000091e00000| Untracked 
|  93|0x0000000091f00000, 0x0000000091f00000, 0x0000000092000000|  0%| F|  |TAMS 0x0000000091f00000, 0x0000000091f00000| Untracked 
|  94|0x0000000092000000, 0x0000000092000000, 0x0000000092100000|  0%| F|  |TAMS 0x0000000092000000, 0x0000000092000000| Untracked 
|  95|0x0000000092100000, 0x0000000092100000, 0x0000000092200000|  0%| F|  |TAMS 0x0000000092100000, 0x0000000092100000| Untracked 
|  96|0x0000000092200000, 0x0000000092200000, 0x0000000092300000|  0%| F|  |TAMS 0x0000000092200000, 0x0000000092200000| Untracked 
|  97|0x0000000092300000, 0x0000000092300000, 0x0000000092400000|  0%| F|  |TAMS 0x0000000092300000, 0x0000000092300000| Untracked 
|  98|0x0000000092400000, 0x0000000092400000, 0x0000000092500000|  0%| F|  |TAMS 0x0000000092400000, 0x0000000092400000| Untracked 
|  99|0x0000000092500000, 0x0000000092500000, 0x0000000092600000|  0%| F|  |TAMS 0x0000000092500000, 0x0000000092500000| Untracked 
| 100|0x0000000092600000, 0x0000000092600000, 0x0000000092700000|  0%| F|  |TAMS 0x0000000092600000, 0x0000000092600000| Untracked 
| 101|0x0000000092700000, 0x0000000092700000, 0x0000000092800000|  0%| F|  |TAMS 0x0000000092700000, 0x0000000092700000| Untracked 
| 102|0x0000000092800000, 0x0000000092800000, 0x0000000092900000|  0%| F|  |TAMS 0x0000000092800000, 0x0000000092800000| Untracked 
| 103|0x0000000092900000, 0x0000000092900000, 0x0000000092a00000|  0%| F|  |TAMS 0x0000000092900000, 0x0000000092900000| Untracked 
| 104|0x0000000092a00000, 0x0000000092a00000, 0x0000000092b00000|  0%| F|  |TAMS 0x0000000092a00000, 0x0000000092a00000| Untracked 
| 105|0x0000000092b00000, 0x0000000092be64f0, 0x0000000092c00000| 89%| E|  |TAMS 0x0000000092b00000, 0x0000000092b00000| Complete 
| 106|0x0000000092c00000, 0x0000000092d00000, 0x0000000092d00000|100%| E|CS|TAMS 0x0000000092c00000, 0x0000000092c00000| Complete 
| 107|0x0000000092d00000, 0x0000000092e00000, 0x0000000092e00000|100%| E|CS|TAMS 0x0000000092d00000, 0x0000000092d00000| Complete 
| 108|0x0000000092e00000, 0x0000000092f00000, 0x0000000092f00000|100%| E|CS|TAMS 0x0000000092e00000, 0x0000000092e00000| Complete 
| 109|0x0000000092f00000, 0x0000000093000000, 0x0000000093000000|100%| E|CS|TAMS 0x0000000092f00000, 0x0000000092f00000| Complete 
| 110|0x0000000093000000, 0x0000000093100000, 0x0000000093100000|100%| E|CS|TAMS 0x0000000093000000, 0x0000000093000000| Complete 
| 111|0x0000000093100000, 0x0000000093200000, 0x0000000093200000|100%| E|CS|TAMS 0x0000000093100000, 0x0000000093100000| Complete 
| 112|0x0000000093200000, 0x0000000093300000, 0x0000000093300000|100%| E|CS|TAMS 0x0000000093200000, 0x0000000093200000| Complete 
| 113|0x0000000093300000, 0x0000000093400000, 0x0000000093400000|100%| E|CS|TAMS 0x0000000093300000, 0x0000000093300000| Complete 
| 114|0x0000000093400000, 0x0000000093500000, 0x0000000093500000|100%| E|CS|TAMS 0x0000000093400000, 0x0000000093400000| Complete 
| 115|0x0000000093500000, 0x0000000093600000, 0x0000000093600000|100%| E|CS|TAMS 0x0000000093500000, 0x0000000093500000| Complete 

Card table byte_map: [0x000001fa542c0000,0x000001fa54660000] _byte_map_base: 0x000001fa53e5f000

Marking Bits (Prev, Next): (CMBitMap*) 0x000001fa3c28b470, (CMBitMap*) 0x000001fa3c28b438
 Prev Bits: [0x000001fa56700000, 0x000001fa583f8000)
 Next Bits: [0x000001fa54a00000, 0x000001fa566f8000)

Polling page: 0x000001fa3a230000

Metaspace:

Usage:
  Non-class:     74.83 MB capacity,    73.26 MB ( 98%) used,     1.25 MB (  2%) free+waste,   328.88 KB ( <1%) overhead. 
      Class:     11.50 MB capacity,    10.49 MB ( 91%) used,   878.26 KB (  7%) free+waste,   155.13 KB (  1%) overhead. 
       Both:     86.33 MB capacity,    83.75 MB ( 97%) used,     2.11 MB (  2%) free+waste,   484.00 KB ( <1%) overhead. 

Virtual space:
  Non-class space:       76.00 MB reserved,      75.00 MB ( 99%) committed 
      Class space:        1.00 GB reserved,      11.62 MB (  1%) committed 
             Both:        1.07 GB reserved,      86.62 MB (  8%) committed 

Chunk freelists:
   Non-Class:  46.00 KB
       Class:  1.00 KB
        Both:  47.00 KB

MaxMetaspaceSize: 17179869184.00 GB
CompressedClassSpaceSize: 1.00 GB
Initial GC threshold: 20.80 MB
Current GC threshold: 98.11 MB
CDS: off

CodeHeap 'non-profiled nmethods': size=120000Kb used=4507Kb max_used=4507Kb free=115493Kb
 bounds [0x000001fa4c480000, 0x000001fa4c8f0000, 0x000001fa539b0000]
CodeHeap 'profiled nmethods': size=120000Kb used=16701Kb max_used=16701Kb free=103298Kb
 bounds [0x000001fa44f50000, 0x000001fa45fa0000, 0x000001fa4c480000]
CodeHeap 'non-nmethods': size=5760Kb used=1361Kb max_used=1407Kb free=4398Kb
 bounds [0x000001fa449b0000, 0x000001fa44c20000, 0x000001fa44f50000]
 total_blobs=8531 nmethods=7857 adapters=586
 compilation: enabled
              stopped_count=0, restarted_count=0
 full_count=0

Compilation events (20 events):
Event: 2559.470 Thread 0x000001fa5ba03000 nmethod 7912 0x000001fa45f9b990 code [0x000001fa45f9bb60, 0x000001fa45f9bdb8]
Event: 2567.321 Thread 0x000001fa5ba03000 7914       3       org.apache.catalina.core.StandardServer$$Lambda$704/0x00000001005cf440::run (8 bytes)
Event: 2567.330 Thread 0x000001fa5ba03000 nmethod 7914 0x000001fa45f9be90 code [0x000001fa45f9c060, 0x000001fa45f9c288]
Event: 2567.330 Thread 0x000001fa5ba03000 7915       3       org.apache.catalina.core.StandardServer::lambda$startPeriodicLifecycleEvent$0 (8 bytes)
Event: 2567.330 Thread 0x000001fa5ba03000 nmethod 7915 0x000001fa45f9c390 code [0x000001fa45f9c540, 0x000001fa45f9c708]
Event: 2569.467 Thread 0x000001fa5ba03000 7916       3       org.apache.catalina.core.ContainerBase$ContainerBackgroundProcessor::run (9 bytes)
Event: 2569.469 Thread 0x000001fa5ba03000 nmethod 7916 0x000001fa45f9c790 code [0x000001fa45f9c940, 0x000001fa45f9ca88]
Event: 2569.469 Thread 0x000001fa5ba03000 7917       3       org.apache.catalina.realm.RealmBase::backgroundProcess (1 bytes)
Event: 2569.469 Thread 0x000001fa5ba03000 nmethod 7917 0x000001fa45f9cb10 code [0x000001fa45f9ccc0, 0x000001fa45f9cdb8]
Event: 2569.470 Thread 0x000001fa5ba03000 7918   !   3       org.apache.catalina.core.StandardContext::backgroundProcess (203 bytes)
Event: 2569.474 Thread 0x000001fa5ba03000 nmethod 7918 0x000001fa45f9ce90 code [0x000001fa45f9d260, 0x000001fa45f9ed98]
Event: 2639.537 Thread 0x000001fa5b0ba800 7919       4       java.util.HashMap$Values::size (8 bytes)
Event: 2639.537 Thread 0x000001fa5b0ba800 nmethod 7919 0x000001fa4c8e5490 code [0x000001fa4c8e5620, 0x000001fa4c8e5698]
Event: 2690.202 Thread 0x000001fa5b0ba800 7920       4       java.util.concurrent.locks.AbstractQueuedSynchronizer$ConditionObject::doSignal (43 bytes)
Event: 2690.229 Thread 0x000001fa5b0ba800 nmethod 7920 0x000001fa4c8e5790 code [0x000001fa4c8e5940, 0x000001fa4c8e5f48]
Event: 2706.547 Thread 0x000001fa5b0ba800 7921   !   4       sun.nio.ch.SelectorImpl::processDeregisterQueue (181 bytes)
Event: 2706.564 Thread 0x000001fa5b0ba800 nmethod 7921 0x000001fa4c8e6110 code [0x000001fa4c8e62a0, 0x000001fa4c8e6518]
Event: 2711.592 Thread 0x000001fa5b0ba800 7922   !   4       org.apache.tomcat.util.net.NioEndpoint$Poller::events (272 bytes)
Event: 2711.606 Thread 0x000001fa5b0ba800 nmethod 7922 0x000001fa4c8e6690 code [0x000001fa4c8e6820, 0x000001fa4c8e6a98]
Event: 2728.206 Thread 0x000001fa5b0ba800 7923       4       java.util.concurrent.locks.AbstractQueuedSynchronizer$ConditionObject::awaitNanos (181 bytes)

GC Heap History (20 events):
Event: 5.708 GC heap before
{Heap before GC invocations=4 (full 0):
 garbage-first heap   total 118784K, used 64756K [0x000000008c200000, 0x0000000100000000)
  region size 1024K, 58 young (59392K), 5 survivors (5120K)
 Metaspace       used 34499K, capacity 35334K, committed 35584K, reserved 1081344K
  class space    used 3981K, capacity 4295K, committed 4352K, reserved 1048576K
}
Event: 5.715 GC heap after
{Heap after GC invocations=5 (full 0):
 garbage-first heap   total 118784K, used 13792K [0x000000008c200000, 0x0000000100000000)
  region size 1024K, 4 young (4096K), 4 survivors (4096K)
 Metaspace       used 34499K, capacity 35334K, committed 35584K, reserved 1081344K
  class space    used 3981K, capacity 4295K, committed 4352K, reserved 1048576K
}
Event: 5.765 GC heap before
{Heap before GC invocations=5 (full 0):
 garbage-first heap   total 118784K, used 17888K [0x000000008c200000, 0x0000000100000000)
  region size 1024K, 9 young (9216K), 4 survivors (4096K)
 Metaspace       used 34925K, capacity 35749K, committed 35840K, reserved 1081344K
  class space    used 4040K, capacity 4348K, committed 4352K, reserved 1048576K
}
Event: 5.770 GC heap after
{Heap after GC invocations=6 (full 0):
 garbage-first heap   total 118784K, used 14185K [0x000000008c200000, 0x0000000100000000)
  region size 1024K, 5 young (5120K), 5 survivors (5120K)
 Metaspace       used 34925K, capacity 35749K, committed 35840K, reserved 1081344K
  class space    used 4040K, capacity 4348K, committed 4352K, reserved 1048576K
}
Event: 6.068 GC heap before
{Heap before GC invocations=7 (full 0):
 garbage-first heap   total 118784K, used 60265K [0x000000008c200000, 0x0000000100000000)
  region size 1024K, 50 young (51200K), 5 survivors (5120K)
 Metaspace       used 36577K, capacity 37421K, committed 37632K, reserved 1083392K
  class space    used 4224K, capacity 4560K, committed 4608K, reserved 1048576K
}
Event: 6.074 GC heap after
{Heap after GC invocations=8 (full 0):
 garbage-first heap   total 118784K, used 15252K [0x000000008c200000, 0x0000000100000000)
  region size 1024K, 4 young (4096K), 4 survivors (4096K)
 Metaspace       used 36577K, capacity 37421K, committed 37632K, reserved 1083392K
  class space    used 4224K, capacity 4560K, committed 4608K, reserved 1048576K
}
Event: 6.780 GC heap before
{Heap before GC invocations=8 (full 0):
 garbage-first heap   total 118784K, used 66452K [0x000000008c200000, 0x0000000100000000)
  region size 1024K, 54 young (55296K), 4 survivors (4096K)
 Metaspace       used 42591K, capacity 43782K, committed 44032K, reserved 1087488K
  class space    used 5077K, capacity 5537K, committed 5632K, reserved 1048576K
}
Event: 6.791 GC heap after
{Heap after GC invocations=9 (full 0):
 garbage-first heap   total 118784K, used 18256K [0x000000008c200000, 0x0000000100000000)
  region size 1024K, 7 young (7168K), 7 survivors (7168K)
 Metaspace       used 42591K, capacity 43782K, committed 44032K, reserved 1087488K
  class space    used 5077K, capacity 5537K, committed 5632K, reserved 1048576K
}
Event: 7.942 GC heap before
{Heap before GC invocations=9 (full 0):
 garbage-first heap   total 118784K, used 71504K [0x000000008c200000, 0x0000000100000000)
  region size 1024K, 59 young (60416K), 7 survivors (7168K)
 Metaspace       used 54342K, capacity 55714K, committed 55936K, reserved 1097728K
  class space    used 6417K, capacity 6941K, committed 7040K, reserved 1048576K
}
Event: 7.949 GC heap after
{Heap after GC invocations=10 (full 0):
 garbage-first heap   total 118784K, used 22672K [0x000000008c200000, 0x0000000100000000)
  region size 1024K, 8 young (8192K), 8 survivors (8192K)
 Metaspace       used 54342K, capacity 55714K, committed 55936K, reserved 1097728K
  class space    used 6417K, capacity 6941K, committed 7040K, reserved 1048576K
}
Event: 8.298 GC heap before
{Heap before GC invocations=10 (full 0):
 garbage-first heap   total 118784K, used 45200K [0x000000008c200000, 0x0000000100000000)
  region size 1024K, 31 young (31744K), 8 survivors (8192K)
 Metaspace       used 58497K, capacity 59839K, committed 59904K, reserved 1101824K
  class space    used 7116K, capacity 7649K, committed 7680K, reserved 1048576K
}
Event: 8.304 GC heap after
{Heap after GC invocations=11 (full 0):
 garbage-first heap   total 118784K, used 24515K [0x000000008c200000, 0x0000000100000000)
  region size 1024K, 3 young (3072K), 3 survivors (3072K)
 Metaspace       used 58497K, capacity 59839K, committed 59904K, reserved 1101824K
  class space    used 7116K, capacity 7649K, committed 7680K, reserved 1048576K
}
Event: 8.980 GC heap before
{Heap before GC invocations=12 (full 0):
 garbage-first heap   total 118784K, used 74691K [0x000000008c200000, 0x0000000100000000)
  region size 1024K, 52 young (53248K), 3 survivors (3072K)
 Metaspace       used 68211K, capacity 69743K, committed 70008K, reserved 1110016K
  class space    used 8609K, capacity 9195K, committed 9336K, reserved 1048576K
}
Event: 8.982 GC heap after
{Heap after GC invocations=13 (full 0):
 garbage-first heap   total 118784K, used 25717K [0x000000008c200000, 0x0000000100000000)
  region size 1024K, 4 young (4096K), 4 survivors (4096K)
 Metaspace       used 68211K, capacity 69743K, committed 70008K, reserved 1110016K
  class space    used 8609K, capacity 9195K, committed 9336K, reserved 1048576K
}
Event: 9.573 GC heap before
{Heap before GC invocations=13 (full 0):
 garbage-first heap   total 118784K, used 78965K [0x000000008c200000, 0x0000000100000000)
  region size 1024K, 56 young (57344K), 4 survivors (4096K)
 Metaspace       used 73475K, capacity 75258K, committed 75512K, reserved 1114112K
  class space    used 9255K, capacity 9938K, committed 9976K, reserved 1048576K
}
Event: 9.577 GC heap after
{Heap after GC invocations=14 (full 0):
 garbage-first heap   total 118784K, used 28415K [0x000000008c200000, 0x0000000100000000)
  region size 1024K, 6 young (6144K), 6 survivors (6144K)
 Metaspace       used 73475K, capacity 75258K, committed 75512K, reserved 1114112K
  class space    used 9255K, capacity 9938K, committed 9976K, reserved 1048576K
}
Event: 10.209 GC heap before
{Heap before GC invocations=14 (full 0):
 garbage-first heap   total 118784K, used 82687K [0x000000008c200000, 0x0000000100000000)
  region size 1024K, 59 young (60416K), 6 survivors (6144K)
 Metaspace       used 78132K, capacity 80087K, committed 80248K, reserved 1118208K
  class space    used 9827K, capacity 10600K, committed 10616K, reserved 1048576K
}
Event: 10.215 GC heap after
{Heap after GC invocations=15 (full 0):
 garbage-first heap   total 118784K, used 32476K [0x000000008c200000, 0x0000000100000000)
  region size 1024K, 7 young (7168K), 7 survivors (7168K)
 Metaspace       used 78132K, capacity 80087K, committed 80248K, reserved 1118208K
  class space    used 9827K, capacity 10600K, committed 10616K, reserved 1048576K
}
Event: 61.406 GC heap before
{Heap before GC invocations=15 (full 0):
 garbage-first heap   total 118784K, used 84700K [0x000000008c200000, 0x0000000100000000)
  region size 1024K, 59 young (60416K), 7 survivors (7168K)
 Metaspace       used 84966K, capacity 87484K, committed 87800K, reserved 1126400K
  class space    used 10682K, capacity 11649K, committed 11768K, reserved 1048576K
}
Event: 61.412 GC heap after
{Heap after GC invocations=16 (full 0):
 garbage-first heap   total 118784K, used 34615K [0x000000008c200000, 0x0000000100000000)
  region size 1024K, 7 young (7168K), 7 survivors (7168K)
 Metaspace       used 84966K, capacity 87484K, committed 87800K, reserved 1126400K
  class space    used 10682K, capacity 11649K, committed 11768K, reserved 1048576K
}

Deoptimization events (20 events):
Event: 1765.539 Thread 0x000001fa6234a800 Uncommon trap: trap_request=0xffffff4d fr.pc=0x000001fa4c8b9e18 relative=0x00000000000002f8
Event: 1765.539 Thread 0x000001fa6234a800 Uncommon trap: reason=unstable_if action=reinterpret pc=0x000001fa4c8b9e18 method=java.util.concurrent.locks.AbstractQueuedSynchronizer.enq(Ljava/util/concurrent/locks/AbstractQueuedSynchronizer$Node;)Ljava/util/concurrent/locks/AbstractQueuedSynchronizer
Event: 1765.539 Thread 0x000001fa6234a800 DEOPT PACKING pc=0x000001fa4c8b9e18 sp=0x000000b600afe990
Event: 1765.540 Thread 0x000001fa6234a800 DEOPT UNPACKING pc=0x000001fa449fa1af sp=0x000000b600afe948 mode 2
Event: 1765.569 Thread 0x000001fa5c872000 DEOPT PACKING pc=0x000001fa45939ed0 sp=0x000000b6009fde90
Event: 1765.569 Thread 0x000001fa5c872000 DEOPT UNPACKING pc=0x000001fa449fa95e sp=0x000000b6009fd2a8 mode 0
Event: 1765.570 Thread 0x000001fa5c872000 DEOPT PACKING pc=0x000001fa458531ca sp=0x000000b6009fdeb0
Event: 1765.570 Thread 0x000001fa5c872000 DEOPT UNPACKING pc=0x000001fa449fa95e sp=0x000000b6009fd2e8 mode 0
Event: 1777.576 Thread 0x000001fa5c870800 Uncommon trap: trap_request=0xffffff4d fr.pc=0x000001fa4c8b97e8 relative=0x00000000000003a8
Event: 1777.576 Thread 0x000001fa5c870800 Uncommon trap: reason=unstable_if action=reinterpret pc=0x000001fa4c8b97e8 method=java.util.concurrent.locks.AbstractQueuedSynchronizer$ConditionObject.addConditionWaiter()Ljava/util/concurrent/locks/AbstractQueuedSynchronizer$Node; @ 33 c2
Event: 1777.576 Thread 0x000001fa5c870800 DEOPT PACKING pc=0x000001fa4c8b97e8 sp=0x000000b6002ff2d0
Event: 1777.576 Thread 0x000001fa5c870800 DEOPT UNPACKING pc=0x000001fa449fa1af sp=0x000000b6002ff270 mode 2
Event: 1777.589 Thread 0x000001fa5c86e000 DEOPT PACKING pc=0x000001fa459a33b8 sp=0x000000b6009fd080
Event: 1777.589 Thread 0x000001fa5c86e000 DEOPT UNPACKING pc=0x000001fa449fa95e sp=0x000000b6009fc560 mode 0
Event: 1780.342 Thread 0x000001fa5c86e000 DEOPT PACKING pc=0x000001fa4597dc42 sp=0x000000b6009fda00
Event: 1780.342 Thread 0x000001fa5c86e000 DEOPT UNPACKING pc=0x000001fa449fa95e sp=0x000000b6009fce58 mode 0
Event: 1794.640 Thread 0x000001fa5c872000 DEOPT PACKING pc=0x000001fa4597cb29 sp=0x000000b6009fd800
Event: 1794.640 Thread 0x000001fa5c872000 DEOPT UNPACKING pc=0x000001fa449fa95e sp=0x000000b6009fcc80 mode 0
Event: 1805.558 Thread 0x000001fa5c871000 DEOPT PACKING pc=0x000001fa459fc623 sp=0x000000b6009fdf60
Event: 1805.559 Thread 0x000001fa5c871000 DEOPT UNPACKING pc=0x000001fa449fa95e sp=0x000000b6009fd3c0 mode 0

Classes redefined (0 events):
No events

Internal exceptions (20 events):
Event: 10.063 Thread 0x000001fa3c24a800 Implicit null exception at 0x000001fa4c674e7f to 0x000001fa4c6755b7
Event: 10.076 Thread 0x000001fa3c24a800 Implicit null exception at 0x000001fa4c6110da to 0x000001fa4c6112c4
Event: 10.081 Thread 0x000001fa3c24a800 Exception <a 'java/lang/ClassNotFoundException'{0x0000000091268640}: java/lang/ObjectCustomizer> (0x0000000091268640) thrown at [s\src\hotspot\share\classfile\systemDictionary.cpp, line 230]
Event: 10.082 Thread 0x000001fa3c24a800 Exception <a 'java/lang/ClassNotFoundException'{0x0000000091278168}: lhs/testing/entity/UserCustomizer> (0x0000000091278168) thrown at [s\src\hotspot\share\classfile\systemDictionary.cpp, line 230]
Event: 10.171 Thread 0x000001fa3c24a800 Exception <a 'java/lang/NoSuchMethodError'{0x00000000906db4b0}: 'java.lang.Object java.lang.invoke.DirectMethodHandle$Holder.invokeSpecial(java.lang.Object, java.lang.Object, int, java.lang.Object, int, java.lang.Object)'> (0x00000000906db4b0) thrown at [s\src\hotspot\share\interpreter\linkResolver.cpp, line 773]
Event: 10.172 Thread 0x000001fa3c24a800 Exception <a 'java/lang/NoSuchMethodError'{0x00000000906e2998}: 'java.lang.Object java.lang.invoke.DirectMethodHandle$Holder.invokeStatic(java.lang.Object, java.lang.Object, int, java.lang.Object, int)'> (0x00000000906e2998) thrown at [s\src\hotspot\share\interpreter\linkResolver.cpp, line 773]
Event: 10.172 Thread 0x000001fa3c24a800 Exception <a 'java/lang/NoSuchMethodError'{0x00000000906e6178}: 'java.lang.Object java.lang.invoke.DirectMethodHandle$Holder.invokeSpecial(java.lang.Object, java.lang.Object, java.lang.Object, int, java.lang.Object, int)'> (0x00000000906e6178) thrown at [s\src\hotspot\share\interpreter\linkResolver.cpp, line 773]
Event: 10.173 Thread 0x000001fa3c24a800 Exception <a 'java/lang/NoSuchMethodError'{0x00000000906f1250}: 'void java.lang.invoke.DirectMethodHandle$Holder.invokeVirtual(java.lang.Object, java.lang.Object)'> (0x00000000906f1250) thrown at [s\src\hotspot\share\interpreter\linkResolver.cpp, line 773]
Event: 10.275 Thread 0x000001fa3c24a800 Implicit null exception at 0x000001fa4c65a86c to 0x000001fa4c65a918
Event: 10.327 Thread 0x000001fa3c24a800 Exception <a 'java/lang/NoSuchMethodError'{0x0000000092d22080}: 'java.lang.Object java.lang.invoke.Invokers$Holder.linkToTargetMethod(java.lang.Object, java.lang.Object, java.lang.Object, java.lang.Object, java.lang.Object, java.lang.Object, java.lang.Object)'> (0x0000000092d22080) thrown at [s\src\hotspot\share\interpreter\linkResolver.cpp, line 773]
Event: 10.398 Thread 0x000001fa3c24a800 Implicit null exception at 0x000001fa4c6d6ae1 to 0x000001fa4c6de618
Event: 10.424 Thread 0x000001fa3c24a800 Exception <a 'java/lang/NoSuchMethodError'{0x00000000926cbb38}: 'java.lang.Object java.lang.invoke.DirectMethodHandle$Holder.invokeStatic(java.lang.Object, java.lang.Object, java.lang.Object, int)'> (0x00000000926cbb38) thrown at [s\src\hotspot\share\interpreter\linkResolver.cpp, line 773]
Event: 10.424 Thread 0x000001fa3c24a800 Exception <a 'java/lang/NoSuchMethodError'{0x00000000926cf500}: 'java.lang.Object java.lang.invoke.DirectMethodHandle$Holder.invokeSpecial(java.lang.Object, java.lang.Object, java.lang.Object, java.lang.Object, int)'> (0x00000000926cf500) thrown at [s\src\hotspot\share\interpreter\linkResolver.cpp, line 773]
Event: 10.424 Thread 0x000001fa3c24a800 Exception <a 'java/lang/NoSuchMethodError'{0x00000000926d2568}: 'java.lang.Object java.lang.invoke.Invokers$Holder.linkToTargetMethod(java.lang.Object, java.lang.Object, int, java.lang.Object)'> (0x00000000926d2568) thrown at [s\src\hotspot\share\interpreter\linkResolver.cpp, line 773]
Event: 61.324 Thread 0x000001fa5c86b800 Exception <a 'java/lang/NoSuchMethodError'{0x00000000909f3138}: 'java.lang.Object java.lang.invoke.DirectMethodHandle$Holder.invokeStaticInit(java.lang.Object, java.lang.Object, java.lang.Object, java.lang.Object, java.lang.Object, java.lang.Object)'> (0x00000000909f3138) thrown at [s\src\hotspot\share\interpreter\linkResolver.cpp, line 773]
Event: 61.427 Thread 0x000001fa5c86b800 Implicit null exception at 0x000001fa4c673c7b to 0x000001fa4c673ce8
Event: 1764.331 Thread 0x000001fa5c86f000 Exception <a 'java/net/SocketException'{0x00000000930bd288}: Software caused connection abort: socket write error> (0x00000000930bd288) thrown at [s\src\hotspot\share\prims\jni.cpp, line 638]
Event: 1764.332 Thread 0x000001fa5c86f000 Exception <a 'java/net/SocketException'{0x00000000930bd930}: Software caused connection abort: recv failed> (0x00000000930bd930) thrown at [s\src\hotspot\share\prims\jni.cpp, line 638]
Event: 1794.622 Thread 0x000001fa5c86f000 Exception <a 'java/net/SocketException'{0x0000000092e95940}: Software caused connection abort: socket write error> (0x0000000092e95940) thrown at [s\src\hotspot\share\prims\jni.cpp, line 638]
Event: 1794.623 Thread 0x000001fa5c86f000 Exception <a 'java/net/SocketException'{0x0000000092e95f60}: Software caused connection abort: recv failed> (0x0000000092e95f60) thrown at [s\src\hotspot\share\prims\jni.cpp, line 638]

Events (20 events):
Event: 1805.552 Executing VM operation: RevokeBias done
Event: 1805.552 Executing VM operation: RevokeBias
Event: 1805.552 Executing VM operation: RevokeBias done
Event: 1805.552 Executing VM operation: RevokeBias
Event: 1805.552 Executing VM operation: RevokeBias done
Event: 1805.552 Executing VM operation: RevokeBias
Event: 1805.553 Executing VM operation: RevokeBias done
Event: 1805.553 Executing VM operation: RevokeBias
Event: 1805.553 Executing VM operation: RevokeBias done
Event: 1805.554 Executing VM operation: RevokeBias
Event: 1805.554 Executing VM operation: RevokeBias done
Event: 1805.554 Executing VM operation: RevokeBias
Event: 1805.554 Executing VM operation: RevokeBias done
Event: 1810.555 Executing VM operation: RevokeBias
Event: 1810.555 Executing VM operation: RevokeBias done
Event: 1810.555 Thread 0x000001fa5c872000 Thread exited: 0x000001fa5c872000
Event: 1810.571 Executing VM operation: RevokeBias
Event: 1810.571 Executing VM operation: RevokeBias done
Event: 1810.571 Thread 0x000001fa5c871000 Thread exited: 0x000001fa5c871000
Event: 2559.277 Loaded shared library C:\Users\ADMIN\.jdks\corretto-11.0.20\bin\java.dll


Dynamic libraries:
0x00007ff731500000 - 0x00007ff73150d000 	C:\Users\ADMIN\.jdks\corretto-11.0.20\bin\java.exe
0x00007ffa9e0f0000 - 0x00007ffa9e304000 	C:\Windows\SYSTEM32\ntdll.dll
0x00007ffa9ca20000 - 0x00007ffa9cae4000 	C:\Windows\System32\KERNEL32.DLL
0x00007ffa9b4a0000 - 0x00007ffa9b844000 	C:\Windows\System32\KERNELBASE.dll
0x00007ffa9bcb0000 - 0x00007ffa9bdc1000 	C:\Windows\System32\ucrtbase.dll
0x00007ffa8c9d0000 - 0x00007ffa8c9e7000 	C:\Users\ADMIN\.jdks\corretto-11.0.20\bin\jli.dll
0x00007ffa8c9f0000 - 0x00007ffa8ca09000 	C:\Users\ADMIN\.jdks\corretto-11.0.20\bin\VCRUNTIME140.dll
0x00007ffa9bfe0000 - 0x00007ffa9c18e000 	C:\Windows\System32\USER32.dll
0x00007ffa9bdd0000 - 0x00007ffa9bdf6000 	C:\Windows\System32\win32u.dll
0x00007ffa8a260000 - 0x00007ffa8a4f3000 	C:\Windows\WinSxS\amd64_microsoft.windows.common-controls_6595b64144ccf1df_6.0.22621.2215_none_270d72677387dfc3\COMCTL32.dll
0x00007ffa9e040000 - 0x00007ffa9e069000 	C:\Windows\System32\GDI32.dll
0x00007ffa9c970000 - 0x00007ffa9ca17000 	C:\Windows\System32\msvcrt.dll
0x00007ffa9bb90000 - 0x00007ffa9bca8000 	C:\Windows\System32\gdi32full.dll
0x00007ffa9baf0000 - 0x00007ffa9bb8a000 	C:\Windows\System32\msvcp_win.dll
0x00007ffa9e070000 - 0x00007ffa9e0a1000 	C:\Windows\System32\IMM32.DLL
0x00007ffa7d3c0000 - 0x00007ffa7d45b000 	C:\Users\ADMIN\.jdks\corretto-11.0.20\bin\msvcp140.dll
0x00007ffa365a0000 - 0x00007ffa3712b000 	C:\Users\ADMIN\.jdks\corretto-11.0.20\bin\server\jvm.dll
0x00007ffa9c820000 - 0x00007ffa9c8d0000 	C:\Windows\System32\ADVAPI32.dll
0x00007ffa9bf20000 - 0x00007ffa9bfc6000 	C:\Windows\System32\sechost.dll
0x00007ffa9c190000 - 0x00007ffa9c2a7000 	C:\Windows\System32\RPCRT4.dll
0x00007ffa9bfd0000 - 0x00007ffa9bfd8000 	C:\Windows\System32\PSAPI.DLL
0x00007ffa93670000 - 0x00007ffa936a4000 	C:\Windows\SYSTEM32\WINMM.dll
0x00007ffa98110000 - 0x00007ffa98119000 	C:\Windows\SYSTEM32\WSOCK32.dll
0x00007ffa92b60000 - 0x00007ffa92b6a000 	C:\Windows\SYSTEM32\VERSION.dll
0x00007ffa9c530000 - 0x00007ffa9c5a1000 	C:\Windows\System32\WS2_32.dll
0x00007ffa9a4f0000 - 0x00007ffa9a508000 	C:\Windows\SYSTEM32\kernel.appcore.dll
0x00007ffa8c9b0000 - 0x00007ffa8c9c0000 	C:\Users\ADMIN\.jdks\corretto-11.0.20\bin\verify.dll
0x00007ffa8f990000 - 0x00007ffa8fbbe000 	C:\Windows\SYSTEM32\DBGHELP.DLL
0x00007ffa9ccf0000 - 0x00007ffa9d07a000 	C:\Windows\System32\combase.dll
0x00007ffa9cb00000 - 0x00007ffa9cbd7000 	C:\Windows\System32\OLEAUT32.dll
0x00007ffa8f580000 - 0x00007ffa8f5b2000 	C:\Windows\SYSTEM32\dbgcore.DLL
0x00007ffa9be00000 - 0x00007ffa9be7a000 	C:\Windows\System32\bcryptPrimitives.dll
0x00007ffa8c980000 - 0x00007ffa8c9a8000 	C:\Users\ADMIN\.jdks\corretto-11.0.20\bin\java.dll
0x00007ffa8c8e0000 - 0x00007ffa8c8ea000 	C:\Users\ADMIN\.jdks\corretto-11.0.20\bin\jimage.dll
0x00007ffa8cd20000 - 0x00007ffa8cd2e000 	C:\Users\ADMIN\.jdks\corretto-11.0.20\bin\instrument.dll
0x00007ffa87fa0000 - 0x00007ffa87fb8000 	C:\Users\ADMIN\.jdks\corretto-11.0.20\bin\zip.dll
0x00007ffa9d390000 - 0x00007ffa9dbb3000 	C:\Windows\System32\SHELL32.dll
0x00007ffa99430000 - 0x00007ffa99d1a000 	C:\Windows\SYSTEM32\windows.storage.dll
0x00007ffa992f0000 - 0x00007ffa9942e000 	C:\Windows\SYSTEM32\wintypes.dll
0x00007ffa9cbf0000 - 0x00007ffa9cce3000 	C:\Windows\System32\SHCORE.dll
0x00007ffa9c470000 - 0x00007ffa9c4ce000 	C:\Windows\System32\shlwapi.dll
0x00007ffa9b3d0000 - 0x00007ffa9b3f6000 	C:\Windows\SYSTEM32\profapi.dll
0x00007ffa86c10000 - 0x00007ffa86c29000 	C:\Users\ADMIN\.jdks\corretto-11.0.20\bin\net.dll
0x00007ffa95d60000 - 0x00007ffa95e97000 	C:\Windows\SYSTEM32\WINHTTP.dll
0x00007ffa9a970000 - 0x00007ffa9a9d9000 	C:\Windows\system32\mswsock.dll
0x00007ffa84e80000 - 0x00007ffa84e93000 	C:\Users\ADMIN\.jdks\corretto-11.0.20\bin\nio.dll
0x00007ffa82ba0000 - 0x00007ffa82bba000 	C:\Program Files\JetBrains\IntelliJ IDEA Community Edition 2023.1\bin\breakgen64.dll
0x00007ffa93800000 - 0x00007ffa93809000 	C:\Users\ADMIN\.jdks\corretto-11.0.20\bin\management.dll
0x00007ffa8cf90000 - 0x00007ffa8cf9b000 	C:\Users\ADMIN\.jdks\corretto-11.0.20\bin\management_ext.dll
0x00007ffa776f0000 - 0x00007ffa77707000 	C:\Windows\system32\napinsp.dll
0x00007ffa77610000 - 0x00007ffa7762b000 	C:\Windows\system32\pnrpnsp.dll
0x00007ffa99fa0000 - 0x00007ffa9a092000 	C:\Windows\SYSTEM32\DNSAPI.dll
0x00007ffa99f70000 - 0x00007ffa99f9d000 	C:\Windows\SYSTEM32\IPHLPAPI.DLL
0x00007ffa9c960000 - 0x00007ffa9c969000 	C:\Windows\System32\NSI.dll
0x00007ffa77050000 - 0x00007ffa77061000 	C:\Windows\System32\winrnr.dll
0x00007ffa77030000 - 0x00007ffa77045000 	C:\Windows\system32\wshbth.dll
0x00007ffa77000000 - 0x00007ffa77021000 	C:\Windows\system32\nlansp_c.dll
0x00007ffa93b30000 - 0x00007ffa93b3a000 	C:\Windows\System32\rasadhlp.dll
0x00007ffa92980000 - 0x00007ffa92a04000 	C:\Windows\System32\fwpuclnt.dll
0x00007ffa9abd0000 - 0x00007ffa9abeb000 	C:\Windows\SYSTEM32\CRYPTSP.dll
0x00007ffa9a460000 - 0x00007ffa9a495000 	C:\Windows\system32\rsaenh.dll
0x00007ffa9aa60000 - 0x00007ffa9aa8c000 	C:\Windows\SYSTEM32\USERENV.dll
0x00007ffa9ad60000 - 0x00007ffa9ad88000 	C:\Windows\SYSTEM32\bcrypt.dll
0x00007ffa9abc0000 - 0x00007ffa9abcc000 	C:\Windows\SYSTEM32\CRYPTBASE.dll
0x00007ffa93b40000 - 0x00007ffa93b59000 	C:\Windows\SYSTEM32\dhcpcsvc6.DLL
0x00007ffa93020000 - 0x00007ffa9303f000 	C:\Windows\SYSTEM32\dhcpcsvc.DLL
0x00007ffa7c750000 - 0x00007ffa7c775000 	C:\Users\ADMIN\.jdks\corretto-11.0.20\bin\sunec.dll
0x00007ffa87c90000 - 0x00007ffa87c9e000 	C:\Users\ADMIN\.jdks\corretto-11.0.20\bin\sunmscapi.dll
0x00007ffa9b850000 - 0x00007ffa9b9b6000 	C:\Windows\System32\CRYPT32.dll
0x00007ffa9ad30000 - 0x00007ffa9ad5e000 	C:\Windows\SYSTEM32\ncrypt.dll
0x00007ffa9acf0000 - 0x00007ffa9ad27000 	C:\Windows\SYSTEM32\NTASN1.dll

dbghelp: loaded successfully - version: 4.0.5 - missing functions: none
symbol engine: initialized successfully - sym options: 0x614 - pdb path: .;C:\Users\ADMIN\.jdks\corretto-11.0.20\bin;C:\Windows\SYSTEM32;C:\Windows\WinSxS\amd64_microsoft.windows.common-controls_6595b64144ccf1df_6.0.22621.2215_none_270d72677387dfc3;C:\Users\ADMIN\.jdks\corretto-11.0.20\bin\server;C:\Program Files\JetBrains\IntelliJ IDEA Community Edition 2023.1\bin

VM Arguments:
jvm_args: -javaagent:C:\Program Files\JetBrains\IntelliJ IDEA Community Edition 2023.1\lib\idea_rt.jar=54165:C:\Program Files\JetBrains\IntelliJ IDEA Community Edition 2023.1\bin -Dfile.encoding=UTF-8 
java_command: lhs.testing.LhsApplication
java_class_path (initial): C:\Users\ADMIN\Desktop\Java Advance\MyShelf\LHS\target\classes;C:\Users\ADMIN\.m2\repository\org\springframework\boot\spring-boot-starter-data-jpa\2.7.13\spring-boot-starter-data-jpa-2.7.13.jar;C:\Users\ADMIN\.m2\repository\org\springframework\boot\spring-boot-starter-aop\2.7.13\spring-boot-starter-aop-2.7.13.jar;C:\Users\ADMIN\.m2\repository\org\springframework\spring-aop\5.3.28\spring-aop-5.3.28.jar;C:\Users\ADMIN\.m2\repository\org\aspectj\aspectjweaver\1.9.7\aspectjweaver-1.9.7.jar;C:\Users\ADMIN\.m2\repository\org\springframework\boot\spring-boot-starter-jdbc\2.7.13\spring-boot-starter-jdbc-2.7.13.jar;C:\Users\ADMIN\.m2\repository\com\zaxxer\HikariCP\4.0.3\HikariCP-4.0.3.jar;C:\Users\ADMIN\.m2\repository\org\springframework\spring-jdbc\5.3.28\spring-jdbc-5.3.28.jar;C:\Users\ADMIN\.m2\repository\jakarta\transaction\jakarta.transaction-api\1.3.3\jakarta.transaction-api-1.3.3.jar;C:\Users\ADMIN\.m2\repository\jakarta\persistence\jakarta.persistence-api\2.2.3\jakarta.persistence-api-2.2.3.jar;C:\Users\ADMIN\.m2\repository\org\hibernate\hibernate-core\5.6.15.Final\hibernate-core-5.6.15.Final.jar;C:\Users\ADMIN\.m2\repository\org\jboss\logging\jboss-logging\3.4.3.Final\jboss-logging-3.4.3.Final.jar;C:\Users\ADMIN\.m2\repository\net\bytebuddy\byte-buddy\1.12.23\byte-buddy-1.12.23.jar;C:\Users\ADMIN\.m2\repository\antlr\antlr\2.7.7\antlr-2.7.7.jar;C:\Users\ADMIN\.m2\repository\org\jboss\jandex\2.4.2.Final\jandex-2.4.2.Final.jar;C:\Users\ADMIN\.m2\repository\org\hibernate\common\hibernate-commons-annotations\5.1.2.Final\hibernate-commons-annotations-5.1.2.Final.jar;C:\Users\ADMIN\.m2\repository\org\glassfish\jaxb\jaxb-runtime\2.3.8\jaxb-runtime-2.3.8.jar;C:\Users\ADMIN\.m2\repository\org\glassfish\jaxb\txw2\2.3.8\txw2-2.3.8.jar;C:\Users\ADMIN\.m2\repository\com\sun\istack\istack-commons-runtime\3.0.12\istack-commons-runtime-3.0.12.jar;C:\Users\ADMIN\.m2\repository\com\sun\activation\jakarta.activation\1.2.2\jakarta.activation-1.2.2.jar;C:\Us
Launcher Type: SUN_STANDARD

[Global flags]
     intx CICompilerCount                          = 4                                         {product} {ergonomic}
     uint ConcGCThreads                            = 3                                         {product} {ergonomic}
     uint G1ConcRefinementThreads                  = 10                                        {product} {ergonomic}
   size_t G1HeapRegionSize                         = 1048576                                   {product} {ergonomic}
    uintx GCDrainStackTargetSize                   = 64                                        {product} {ergonomic}
   size_t InitialHeapSize                          = 121634816                                 {product} {ergonomic}
   size_t MarkStackSize                            = 4194304                                   {product} {ergonomic}
   size_t MaxHeapSize                              = 1944059904                                {product} {ergonomic}
   size_t MaxNewSize                               = 1166016512                                {product} {ergonomic}
   size_t MinHeapDeltaBytes                        = 1048576                                   {product} {ergonomic}
    uintx NonNMethodCodeHeapSize                   = 5836300                                {pd product} {ergonomic}
    uintx NonProfiledCodeHeapSize                  = 122910970                              {pd product} {ergonomic}
    uintx ProfiledCodeHeapSize                     = 122910970                              {pd product} {ergonomic}
    uintx ReservedCodeCacheSize                    = 251658240                              {pd product} {ergonomic}
     bool SegmentedCodeCache                       = true                                      {product} {ergonomic}
     bool UseCompressedClassPointers               = true                                 {lp64_product} {ergonomic}
     bool UseCompressedOops                        = true                                 {lp64_product} {ergonomic}
     bool UseG1GC                                  = true                                      {product} {ergonomic}
     bool UseLargePagesIndividualAllocation        = false                                  {pd product} {ergonomic}

Logging:
Log output configuration:
 #0: stdout all=warning uptime,level,tags
 #1: stderr all=off uptime,level,tags

Environment Variables:
PATH=C:\Windows\system32;C:\Windows;C:\Windows\System32\Wbem;C:\Windows\System32\WindowsPowerShell\v1.0\;C:\Windows\System32\OpenSSH\;C:\Program Files\dotnet\;C:\Program Files (x86)\NVIDIA Corporation\PhysX\Common;C:\Program Files\NVIDIA Corporation\NVIDIA NvDLISR;C:\Program Files\Cloudflare\Cloudflare WARP\;C:\Program Files\nodejs\;C:\Program Files\Git\cmd;C:\Program Files\MySQL\MySQL Shell 8.0\bin\;C:\Users\ADMIN\AppData\Local\Microsoft\WindowsApps;;C:\Program Files\JetBrains\IntelliJ IDEA Community Edition 2023.1\bin;;C:\Users\ADMIN\AppData\Local\Programs\Microsoft VS Code\bin;C:\Users\ADMIN\AppData\Roaming\npm
USERNAME=ADMIN
OS=Windows_NT
PROCESSOR_IDENTIFIER=AMD64 Family 25 Model 68 Stepping 1, AuthenticAMD
TMP=C:\Users\ADMIN\AppData\Local\Temp
TEMP=C:\Users\ADMIN\AppData\Local\Temp



---------------  S Y S T E M  ---------------

OS: Windows 11 , 64 bit Build 22621 (10.0.22621.2215)
OS uptime: 0 days 22:37 hours

CPU:total 12 (initial active 12) (12 cores per cpu, 2 threads per core) family 25 model 68 stepping 1 microcode 0x0, cmov, cx8, fxsr, mmx, sse, sse2, sse3, ssse3, sse4.1, sse4.2, popcnt, avx, avx2, aes, clmul, erms, mmxext, 3dnowpref, lzcnt, sse4a, ht, tsc, tscinvbit, tscinv, bmi1, bmi2, adx, sha, fma

Memory: 4k page, system-wide physical 7411M (305M free)
TotalPageFile size 29939M (AvailPageFile size 0M)
current process WorkingSet (physical memory assigned to process): 30M, peak: 307M
current process commit charge ("private bytes"): 342M, peak: 375M

vm_info: OpenJDK 64-Bit Server VM (11.0.20+8-LTS) for windows-amd64 JRE (11.0.20+8-LTS), built on Jul 11 2023 19:58:45 by "Administrator" with MS VC++ 15.9 (VS2017)

END.
